<!DOCTYPE html PUBLIC "-//W3C//DTD XHTML 1.1//EN" "http://www.w3.org/TR/xhtml11/DTD/xhtml11.dtd">
<html xmlns="http://www.w3.org/1999/xhtml">
<head>
<meta http-equiv="content-type" content="text/html; charset=UTF-8"/>
<title>TestNG Report</title>
<style type="text/css">table {margin-bottom:10px;border-collapse:collapse;empty-cells:show}th,td {border:1px solid #009;padding:.25em .5em}th {vertical-align:bottom}td {vertical-align:top}table a {font-weight:bold}.stripe td {background-color: #E6EBF9}.num {text-align:right}.passedodd td {background-color: #3F3}.passedeven td {background-color: #0A0}.skippedodd td {background-color: #DDD}.skippedeven td {background-color: #CCC}.failedodd td,.attn {background-color: #F33}.failedeven td,.stripe .attn {background-color: #D00}.stacktrace {white-space:pre;font-family:monospace}.totop {font-size:85%;text-align:center;border-bottom:2px solid #000}.invisible {display:none}</style>
</head>
<body>
<table>
<tr><th>Test</th><th># Passed</th><th># Skipped</th><th># Failed</th><th>Time (ms)</th><th>Included Groups</th><th>Excluded Groups</th></tr>
<tr><th colspan="7">bank99</th></tr>
<tr><td><a href="#t0">systemTest</a></td><td class="num">3</td><td class="num">0</td><td class="num attn">5</td><td class="num">45,241</td><td></td><td></td></tr>
</table>
<table id='summary'><thead><tr><th>Class</th><th>Method</th><th>Start</th><th>Time (ms)</th></tr></thead><tbody><tr><th colspan="4">bank99</th></tr></tbody><tbody id="t0"><tr><th colspan="4">systemTest &#8212; failed</th></tr><tr class="failedeven"><td rowspan="4">com.bankg99.testcases.TC_02LoginDDTTest</td><td><a href="#m0">loginDDT</a></td><td rowspan="4">1638658736148</td><td rowspan="4">3502</td></tr><tr class="failedeven"><td><a href="#m1">loginDDT</a></td></tr><tr class="failedeven"><td><a href="#m2">loginDDT</a></td></tr><tr class="failedeven"><td><a href="#m3">loginDDT</a></td></tr><tr class="failedodd"><td rowspan="1">com.bankg99.testcases.TC_03AddCustomerTest</td><td><a href="#m4">addNewCustomer</a></td><td rowspan="1">1638658748328</td><td rowspan="1">9271</td></tr><tr><th colspan="4">systemTest &#8212; passed</th></tr><tr class="passedeven"><td rowspan="1">com.bankg99.testcases.TC_01LoginTest</td><td><a href="#m5">LoginTest</a></td><td rowspan="1">1638658714841</td><td rowspan="1">754</td></tr><tr class="passedodd"><td rowspan="2">com.bankg99.testcases.TC_02LoginDDTTest</td><td><a href="#m6">loginDDT</a></td><td rowspan="2">1638658739651</td><td rowspan="2">7095</td></tr><tr class="passedodd"><td><a href="#m7">loginDDT</a></td></tr></tbody>
</table>
<h2>systemTest</h2><h3 id="m0">com.bankg99.testcases.TC_02LoginDDTTest#loginDDT</h3><table class="result"><tr class="param"><th>Parameter #1</th><th>Parameter #2</th></tr><tr class="param stripe"><td>mngrinvalid</td><td>invalid98kfe</td></tr><tr><th colspan="2">Exception</th></tr><tr><td colspan="2"><div class="stacktrace">java.lang.AssertionError: expected [true] but found [false]
	at com.bankg99.testcases.TC_02LoginDDTTest.loginDDT(TC_02LoginDDTTest.java:32)
... Removed 29 stack frames</div></td></tr></table><p class="totop"><a href="#summary">back to summary</a></p>
<h3 id="m1">com.bankg99.testcases.TC_02LoginDDTTest#loginDDT</h3><table class="result"><tr class="param"><th>Parameter #1</th><th>Parameter #2</th></tr><tr class="param stripe"><td>mngr369021</td><td>invalid</td></tr><tr><th colspan="2">Exception</th></tr><tr><td colspan="2"><div class="stacktrace">java.lang.AssertionError: expected [true] but found [false]
	at com.bankg99.testcases.TC_02LoginDDTTest.loginDDT(TC_02LoginDDTTest.java:32)
... Removed 29 stack frames</div></td></tr></table><p class="totop"><a href="#summary">back to summary</a></p>
<h3 id="m2">com.bankg99.testcases.TC_02LoginDDTTest#loginDDT</h3><table class="result"><tr class="param"><th>Parameter #1</th><th>Parameter #2</th></tr><tr class="param stripe"><td>mngrinvalid</td><td>invalid394</td></tr><tr><th colspan="2">Exception</th></tr><tr><td colspan="2"><div class="stacktrace">java.lang.AssertionError: expected [true] but found [false]
	at com.bankg99.testcases.TC_02LoginDDTTest.loginDDT(TC_02LoginDDTTest.java:32)
... Removed 29 stack frames</div></td></tr></table><p class="totop"><a href="#summary">back to summary</a></p>
<h3 id="m3">com.bankg99.testcases.TC_02LoginDDTTest#loginDDT</h3><table class="result"><tr class="param"><th>Parameter #1</th><th>Parameter #2</th></tr><tr class="param stripe"><td>mngrinvalid</td><td>invalid955</td></tr><tr><th colspan="2">Exception</th></tr><tr><td colspan="2"><div class="stacktrace">java.lang.AssertionError: expected [true] but found [false]
	at com.bankg99.testcases.TC_02LoginDDTTest.loginDDT(TC_02LoginDDTTest.java:32)
... Removed 29 stack frames</div></td></tr></table><p class="totop"><a href="#summary">back to summary</a></p>
<h3 id="m4">com.bankg99.testcases.TC_03AddCustomerTest#addNewCustomer</h3><table class="result"><tr><th>Exception</th></tr><tr><td><div class="stacktrace">org.openqa.selenium.NoSuchSessionException: Session ID is null. Using WebDriver after calling quit()?
Build info: version: &apos;3.141.59&apos;, revision: &apos;e82be7d358&apos;, time: &apos;2018-11-14T08:17:03&apos;
System info: host: &apos;DESKTOP-H5RUEN0&apos;, ip: &apos;10.0.0.23&apos;, os.name: &apos;Windows 10&apos;, os.arch: &apos;amd64&apos;, os.version: &apos;10.0&apos;, java.version: &apos;16.0.2&apos;
Driver info: driver.version: RemoteWebDriver
	at org.openqa.selenium.remote.HttpCommandExecutor.execute(HttpCommandExecutor.java:125)
	at org.openqa.selenium.remote.service.DriverCommandExecutor.execute(DriverCommandExecutor.java:83)
	at org.openqa.selenium.remote.RemoteWebDriver.execute(RemoteWebDriver.java:552)
	at org.openqa.selenium.remote.RemoteWebDriver.findElement(RemoteWebDriver.java:323)
	at org.openqa.selenium.remote.RemoteWebDriver.findElementByName(RemoteWebDriver.java:404)
	at org.openqa.selenium.By$ByName.findElement(By.java:284)
	at org.openqa.selenium.remote.RemoteWebDriver.findElement(RemoteWebDriver.java:315)
	at org.openqa.selenium.support.pagefactory.DefaultElementLocator.findElement(DefaultElementLocator.java:69)
	at org.openqa.selenium.support.pagefactory.internal.LocatingElementHandler.invoke(LocatingElementHandler.java:38)
	at jdk.proxy2/jdk.proxy2.$Proxy16.sendKeys(Unknown Source)
	at com.bankg99.pageobjects.AddCustomerPage.custemailid(AddCustomerPage.java:112)
	at com.bankg99.testcases.TC_03AddCustomerTest.addNewCustomer(TC_03AddCustomerTest.java:41)
... Removed 25 stack frames</div></td></tr></table><p class="totop"><a href="#summary">back to summary</a></p>
<h3 id="m5">com.bankg99.testcases.TC_01LoginTest#LoginTest</h3><table class="result"><tr><th class="invisible"/></tr></table><p class="totop"><a href="#summary">back to summary</a></p>
<h3 id="m6">com.bankg99.testcases.TC_02LoginDDTTest#loginDDT</h3><table class="result"><tr class="param"><th>Parameter #1</th><th>Parameter #2</th></tr><tr class="param stripe"><td>mngr369021</td><td>ujEsunE</td></tr></table><p class="totop"><a href="#summary">back to summary</a></p>
<h3 id="m7">com.bankg99.testcases.TC_02LoginDDTTest#loginDDT</h3><table class="result"><tr class="param"><th>Parameter #1</th><th>Parameter #2</th></tr><tr class="param stripe"><td>mngr369021</td><td>ujEsunE</td></tr></table><p class="totop"><a href="#summary">back to summary</a></p>
</body>
</html>
